[10:38:52] [Render thread/INFO] [REI] Config loaded
[10:38:52] [Render thread/DEBUG] [REI] Config saved
[10:38:52] [Render thread/INFO] [REI] Registered plugin provider AdornReiServer [adorn] for REIPlugin
[10:38:52] [Render thread/INFO] [REI] Registered plugin provider DefaultPlugin [roughlyenoughitems] for REIPlugin
[10:38:52] [Render thread/INFO] [REI] Registered plugin provider DefaultRuntimePlugin [roughlyenoughitems] for REIPlugin
[10:38:52] [Render thread/INFO] [REI] Registered plugin provider AdornReiClient [adorn] for REIPlugin
[10:38:52] [Render thread/INFO] [REI] Registered plugin provider REITooltipPlugin [appleskin] for REIPlugin
[10:38:52] [Render thread/INFO] [REI] Registered plugin provider APPlugin [architects_palette] for REIPlugin
[10:38:52] [Render thread/INFO] [REI] Registered plugin provider REIPlugin [betterend] for REIPlugin
[10:38:52] [Render thread/INFO] [REI] Registered plugin provider CharmReiClientPlugin [charm] for REIPlugin
[10:38:52] [Render thread/INFO] [REI] Registered plugin provider DBServerPlugin [decorative_blocks] for REIPlugin
[10:38:52] [Render thread/INFO] [REI] Registered plugin provider DBClientPlugin [decorative_blocks] for REIPlugin
[10:38:52] [Render thread/INFO] [REI] Registered plugin provider ExpandedDelightREI [expandeddelight] for REIPlugin
[10:38:52] [Render thread/INFO] [REI] Registered plugin provider FarmersDelightModREI [farmersdelight] for REIPlugin
[10:38:52] [Render thread/INFO] [REI] Registered plugin provider REIIntegration [ftblibrary] for REIPlugin
[10:38:52] [Render thread/INFO] [REI] Registered plugin provider FTBQuestsREIIntegration [ftbquests] for REIPlugin
[10:38:52] [Render thread/INFO] [REI] Registered plugin provider OwoReiPlugin [owo] for REIPlugin
[10:38:52] [Render thread/INFO] [REI] Registered plugin provider OxidizedREIPlugin [oxidized] for REIPlugin
[10:38:52] [Render thread/INFO] [REI] Registered plugin provider DefaultClientPlugin [roughlyenoughitems] for REIPlugin
[10:38:52] [Render thread/INFO] [REI] Registered plugin provider DefaultClientRuntimePlugin [roughlyenoughitems] for REIPlugin
[10:38:52] [Render thread/INFO] [REI] Registered plugin provider REPClientPlugin [roughlyenoughprofessions] for REIPlugin
[10:38:52] [Render thread/INFO] [REI] Registered plugin provider PluginEntry [roughlyenoughresources] for REIPlugin
[10:38:52] [Render thread/INFO] [REI] Registered plugin provider SpiritPlugin [spirit] for REIPlugin
[10:38:52] [Render thread/INFO] [REI] Registered plugin provider REICompat [the_bumblezone] for REIPlugin
[10:38:52] [Render thread/INFO] [REI] Registered plugin provider REIPlugin [toms_storage] for REIPlugin
[10:38:52] [Render thread/INFO] [REI] Registered plugin provider AdornReiServer [adorn] for REIServerPlugin
[10:38:52] [Render thread/INFO] [REI] Registered plugin provider DefaultPlugin [roughlyenoughitems] for REIServerPlugin
[10:38:52] [Render thread/INFO] [REI] Registered plugin provider DefaultRuntimePlugin [roughlyenoughitems] for REIServerPlugin
[10:38:52] [Render thread/INFO] [REI] Registered plugin provider DBServerPlugin [decorative_blocks] for REIServerPlugin
[10:38:52] [Render thread/INFO] [REI] Registered plugin provider FabricFluidAPISupportPlugin for REIServerPlugin
[10:38:52] [Render thread/INFO] [REI] Registered plugin provider FabricFluidAPISupportPlugin for REIPlugin
[10:38:57] [Render thread/INFO] [REI] Registered plugin provider AdornReiClient [adorn] for REIClientPlugin
[10:38:57] [Render thread/INFO] [REI] Registered plugin provider REITooltipPlugin [appleskin] for REIClientPlugin
[10:38:57] [Render thread/INFO] [REI] Registered plugin provider APPlugin [architects_palette] for REIClientPlugin
[10:38:57] [Render thread/INFO] [REI] Registered plugin provider REIPlugin [betterend] for REIClientPlugin
[10:38:57] [Render thread/INFO] [REI] Registered plugin provider CharmReiClientPlugin [charm] for REIClientPlugin
[10:38:57] [Render thread/INFO] [REI] Registered plugin provider DBClientPlugin [decorative_blocks] for REIClientPlugin
[10:38:57] [Render thread/INFO] [REI] Registered plugin provider ExpandedDelightREI [expandeddelight] for REIClientPlugin
[10:38:57] [Render thread/INFO] [REI] Registered plugin provider FarmersDelightModREI [farmersdelight] for REIClientPlugin
[10:38:57] [Render thread/INFO] [REI] Registered plugin provider REIIntegration [ftblibrary] for REIClientPlugin
[10:38:57] [Render thread/INFO] [REI] Registered plugin provider FTBQuestsREIIntegration [ftbquests] for REIClientPlugin
[10:38:57] [Render thread/INFO] [REI] Registered plugin provider OwoReiPlugin [owo] for REIClientPlugin
[10:38:57] [Render thread/INFO] [REI] Registered plugin provider OxidizedREIPlugin [oxidized] for REIClientPlugin
[10:38:57] [Render thread/INFO] [REI] Registered plugin provider DefaultClientPlugin [roughlyenoughitems] for REIClientPlugin
[10:38:57] [Render thread/INFO] [REI] Registered plugin provider DefaultClientRuntimePlugin [roughlyenoughitems] for REIClientPlugin
[10:38:57] [Render thread/INFO] [REI] Registered plugin provider REPClientPlugin [roughlyenoughprofessions] for REIClientPlugin
[10:38:57] [Render thread/INFO] [REI] Registered plugin provider PluginEntry [roughlyenoughresources] for REIClientPlugin
[10:38:57] [Render thread/INFO] [REI] Registered plugin provider SpiritPlugin [spirit] for REIClientPlugin
[10:38:57] [Render thread/INFO] [REI] Registered plugin provider REICompat [the_bumblezone] for REIClientPlugin
[10:38:57] [Render thread/INFO] [REI] Registered plugin provider REIPlugin [toms_storage] for REIClientPlugin
